{"/home/elku/DEV/FullStackDev/taskTracker/server/src/server.js": {"path":"/home/elku/DEV/FullStackDev/taskTracker/server/src/server.js","statementMap":{"0":{"start":{"line":10,"column":0},"end":{"line":10,"column":16}},"1":{"start":{"line":12,"column":12},"end":{"line":12,"column":21}},"2":{"start":{"line":13,"column":0},"end":{"line":13,"column":35}},"3":{"start":{"line":15,"column":0},"end":{"line":15,"column":12}},"4":{"start":{"line":17,"column":0},"end":{"line":17,"column":34}},"5":{"start":{"line":19,"column":13},"end":{"line":19,"column":29}},"6":{"start":{"line":20,"column":0},"end":{"line":22,"column":3}},"7":{"start":{"line":21,"column":2},"end":{"line":21,"column":60}},"8":{"start":{"line":25,"column":0},"end":{"line":27,"column":3}},"9":{"start":{"line":26,"column":2},"end":{"line":26,"column":32}},"10":{"start":{"line":29,"column":0},"end":{"line":29,"column":49}},"11":{"start":{"line":30,"column":0},"end":{"line":30,"column":51}},"12":{"start":{"line":31,"column":0},"end":{"line":31,"column":46}},"13":{"start":{"line":32,"column":0},"end":{"line":32,"column":47}},"14":{"start":{"line":34,"column":0},"end":{"line":34,"column":22}}},"fnMap":{"0":{"name":"(anonymous_0)","decl":{"start":{"line":20,"column":17},"end":{"line":20,"column":18}},"loc":{"start":{"line":20,"column":23},"end":{"line":22,"column":1}},"line":20},"1":{"name":"(anonymous_1)","decl":{"start":{"line":25,"column":25},"end":{"line":25,"column":26}},"loc":{"start":{"line":25,"column":39},"end":{"line":27,"column":1}},"line":25}},"branchMap":{},"s":{"0":2,"1":2,"2":2,"3":2,"4":2,"5":2,"6":2,"7":2,"8":2,"9":0,"10":2,"11":2,"12":2,"13":2,"14":2},"f":{"0":2,"1":0},"b":{},"inputSourceMap":null,"_coverageSchema":"1a1c01bbd47fc00a2c39e90264f33305004495a9","hash":"0e7bc2a15fd6ebe97d5527d7f910522dcf213c05"}
,"/home/elku/DEV/FullStackDev/taskTracker/server/src/config/db.js": {"path":"/home/elku/DEV/FullStackDev/taskTracker/server/src/config/db.js","statementMap":{"0":{"start":{"line":3,"column":18},"end":{"line":11,"column":1}},"1":{"start":{"line":4,"column":2},"end":{"line":10,"column":3}},"2":{"start":{"line":5,"column":4},"end":{"line":5,"column":50}},"3":{"start":{"line":6,"column":4},"end":{"line":6,"column":53}},"4":{"start":{"line":8,"column":4},"end":{"line":8,"column":66}},"5":{"start":{"line":9,"column":4},"end":{"line":9,"column":19}}},"fnMap":{"0":{"name":"(anonymous_0)","decl":{"start":{"line":3,"column":18},"end":{"line":3,"column":19}},"loc":{"start":{"line":3,"column":30},"end":{"line":11,"column":1}},"line":3}},"branchMap":{},"s":{"0":2,"1":2,"2":2,"3":2,"4":0,"5":0},"f":{"0":2},"b":{},"inputSourceMap":null,"_coverageSchema":"1a1c01bbd47fc00a2c39e90264f33305004495a9","hash":"45d282a734032124c4a50ca19783d24f06728dbf"}
,"/home/elku/DEV/FullStackDev/taskTracker/server/src/config/email.js": {"path":"/home/elku/DEV/FullStackDev/taskTracker/server/src/config/email.js","statementMap":{"0":{"start":{"line":4,"column":32},"end":{"line":10,"column":2}}},"fnMap":{},"branchMap":{},"s":{"0":2},"f":{},"b":{},"inputSourceMap":null,"_coverageSchema":"1a1c01bbd47fc00a2c39e90264f33305004495a9","hash":"d4447a374d1ec992457ed2a5dfa0deec166c21d9"}
,"/home/elku/DEV/FullStackDev/taskTracker/server/src/controllers/adminController.js": {"path":"/home/elku/DEV/FullStackDev/taskTracker/server/src/controllers/adminController.js","statementMap":{"0":{"start":{"line":7,"column":27},"end":{"line":19,"column":2}},"1":{"start":{"line":8,"column":2},"end":{"line":18,"column":3}},"2":{"start":{"line":9,"column":20},"end":{"line":9,"column":32}},"3":{"start":{"line":10,"column":21},"end":{"line":10,"column":63}},"4":{"start":{"line":11,"column":4},"end":{"line":15,"column":5}},"5":{"start":{"line":12,"column":6},"end":{"line":12,"column":79}},"6":{"start":{"line":14,"column":6},"end":{"line":14,"column":38}},"7":{"start":{"line":17,"column":4},"end":{"line":17,"column":16}},"8":{"start":{"line":22,"column":27},"end":{"line":58,"column":2}},"9":{"start":{"line":23,"column":2},"end":{"line":57,"column":3}},"10":{"start":{"line":25,"column":4},"end":{"line":35,"column":5}},"11":{"start":{"line":26,"column":6},"end":{"line":28,"column":10}},"12":{"start":{"line":29,"column":6},"end":{"line":29,"column":63}},"13":{"start":{"line":31,"column":6},"end":{"line":33,"column":10}},"14":{"start":{"line":34,"column":6},"end":{"line":34,"column":78}},"15":{"start":{"line":37,"column":4},"end":{"line":54,"column":5}},"16":{"start":{"line":38,"column":6},"end":{"line":48,"column":7}},"17":{"start":{"line":39,"column":8},"end":{"line":42,"column":11}},"18":{"start":{"line":44,"column":8},"end":{"line":47,"column":11}},"19":{"start":{"line":50,"column":6},"end":{"line":53,"column":9}},"20":{"start":{"line":56,"column":4},"end":{"line":56,"column":16}},"21":{"start":{"line":60,"column":24},"end":{"line":92,"column":2}},"22":{"start":{"line":61,"column":19},"end":{"line":61,"column":27}},"23":{"start":{"line":62,"column":2},"end":{"line":67,"column":3}},"24":{"start":{"line":63,"column":4},"end":{"line":66,"column":7}},"25":{"start":{"line":68,"column":2},"end":{"line":86,"column":3}},"26":{"start":{"line":69,"column":4},"end":{"line":74,"column":5}},"27":{"start":{"line":70,"column":6},"end":{"line":73,"column":9}},"28":{"start":{"line":75,"column":27},"end":{"line":75,"column":63}},"29":{"start":{"line":76,"column":20},"end":{"line":80,"column":5}},"30":{"start":{"line":81,"column":4},"end":{"line":85,"column":5}},"31":{"start":{"line":82,"column":6},"end":{"line":82,"column":33}},"32":{"start":{"line":84,"column":6},"end":{"line":84,"column":25}},"33":{"start":{"line":88,"column":2},"end":{"line":91,"column":5}},"34":{"start":{"line":94,"column":27},"end":{"line":118,"column":2}},"35":{"start":{"line":95,"column":24},"end":{"line":95,"column":32}},"36":{"start":{"line":96,"column":18},"end":{"line":108,"column":5}},"37":{"start":{"line":96,"column":47},"end":{"line":108,"column":3}},"38":{"start":{"line":109,"column":2},"end":{"line":113,"column":3}},"39":{"start":{"line":110,"column":4},"end":{"line":110,"column":34}},"40":{"start":{"line":112,"column":4},"end":{"line":112,"column":23}},"41":{"start":{"line":114,"column":2},"end":{"line":117,"column":5}}},"fnMap":{"0":{"name":"(anonymous_0)","decl":{"start":{"line":7,"column":40},"end":{"line":7,"column":41}},"loc":{"start":{"line":7,"column":66},"end":{"line":19,"column":1}},"line":7},"1":{"name":"(anonymous_1)","decl":{"start":{"line":22,"column":40},"end":{"line":22,"column":41}},"loc":{"start":{"line":22,"column":60},"end":{"line":58,"column":1}},"line":22},"2":{"name":"(anonymous_2)","decl":{"start":{"line":60,"column":37},"end":{"line":60,"column":38}},"loc":{"start":{"line":60,"column":63},"end":{"line":92,"column":1}},"line":60},"3":{"name":"(anonymous_3)","decl":{"start":{"line":94,"column":40},"end":{"line":94,"column":41}},"loc":{"start":{"line":94,"column":66},"end":{"line":118,"column":1}},"line":94},"4":{"name":"(anonymous_4)","decl":{"start":{"line":96,"column":36},"end":{"line":96,"column":37}},"loc":{"start":{"line":96,"column":47},"end":{"line":108,"column":3}},"line":96}},"branchMap":{"0":{"loc":{"start":{"line":11,"column":4},"end":{"line":15,"column":5}},"type":"if","locations":[{"start":{"line":11,"column":4},"end":{"line":15,"column":5}},{"start":{"line":13,"column":11},"end":{"line":15,"column":5}}],"line":11},"1":{"loc":{"start":{"line":25,"column":4},"end":{"line":35,"column":5}},"type":"if","locations":[{"start":{"line":25,"column":4},"end":{"line":35,"column":5}},{"start":{"line":30,"column":11},"end":{"line":35,"column":5}}],"line":25},"2":{"loc":{"start":{"line":37,"column":4},"end":{"line":54,"column":5}},"type":"if","locations":[{"start":{"line":37,"column":4},"end":{"line":54,"column":5}},{"start":{"line":49,"column":11},"end":{"line":54,"column":5}}],"line":37},"3":{"loc":{"start":{"line":38,"column":6},"end":{"line":48,"column":7}},"type":"if","locations":[{"start":{"line":38,"column":6},"end":{"line":48,"column":7}},{"start":{"line":43,"column":13},"end":{"line":48,"column":7}}],"line":38},"4":{"loc":{"start":{"line":62,"column":2},"end":{"line":67,"column":3}},"type":"if","locations":[{"start":{"line":62,"column":2},"end":{"line":67,"column":3}},{"start":{},"end":{}}],"line":62},"5":{"loc":{"start":{"line":62,"column":6},"end":{"line":62,"column":55}},"type":"binary-expr","locations":[{"start":{"line":62,"column":6},"end":{"line":62,"column":30}},{"start":{"line":62,"column":34},"end":{"line":62,"column":55}}],"line":62},"6":{"loc":{"start":{"line":69,"column":4},"end":{"line":74,"column":5}},"type":"if","locations":[{"start":{"line":69,"column":4},"end":{"line":74,"column":5}},{"start":{},"end":{}}],"line":69},"7":{"loc":{"start":{"line":69,"column":8},"end":{"line":69,"column":55}},"type":"binary-expr","locations":[{"start":{"line":69,"column":8},"end":{"line":69,"column":22}},{"start":{"line":69,"column":26},"end":{"line":69,"column":37}},{"start":{"line":69,"column":41},"end":{"line":69,"column":55}}],"line":69}},"s":{"0":2,"1":0,"2":0,"3":0,"4":0,"5":0,"6":0,"7":0,"8":2,"9":0,"10":0,"11":0,"12":0,"13":0,"14":0,"15":0,"16":0,"17":0,"18":0,"19":0,"20":0,"21":2,"22":0,"23":0,"24":0,"25":0,"26":0,"27":0,"28":0,"29":0,"30":0,"31":0,"32":0,"33":0,"34":2,"35":0,"36":0,"37":0,"38":0,"39":0,"40":0,"41":0},"f":{"0":0,"1":0,"2":0,"3":0,"4":0},"b":{"0":[0,0],"1":[0,0],"2":[0,0],"3":[0,0],"4":[0,0],"5":[0,0],"6":[0,0],"7":[0,0,0]},"inputSourceMap":null,"_coverageSchema":"1a1c01bbd47fc00a2c39e90264f33305004495a9","hash":"b4d61295f8a7c48131d571345ed7210483c90855"}
,"/home/elku/DEV/FullStackDev/taskTracker/server/src/controllers/profileController.js": {"path":"/home/elku/DEV/FullStackDev/taskTracker/server/src/controllers/profileController.js","statementMap":{"0":{"start":{"line":6,"column":27},"end":{"line":21,"column":2}},"1":{"start":{"line":7,"column":2},"end":{"line":20,"column":3}},"2":{"start":{"line":8,"column":17},"end":{"line":8,"column":50}},"3":{"start":{"line":9,"column":4},"end":{"line":13,"column":5}},"4":{"start":{"line":10,"column":6},"end":{"line":12,"column":62}},"5":{"start":{"line":14,"column":4},"end":{"line":17,"column":7}},"6":{"start":{"line":19,"column":4},"end":{"line":19,"column":16}},"7":{"start":{"line":23,"column":29},"end":{"line":44,"column":2}},"8":{"start":{"line":24,"column":2},"end":{"line":43,"column":3}},"9":{"start":{"line":25,"column":17},"end":{"line":25,"column":50}},"10":{"start":{"line":26,"column":4},"end":{"line":30,"column":5}},"11":{"start":{"line":27,"column":6},"end":{"line":29,"column":62}},"12":{"start":{"line":31,"column":4},"end":{"line":31,"column":47}},"13":{"start":{"line":32,"column":4},"end":{"line":32,"column":32}},"14":{"start":{"line":33,"column":22},"end":{"line":33,"column":39}},"15":{"start":{"line":34,"column":4},"end":{"line":40,"column":5}},"16":{"start":{"line":35,"column":6},"end":{"line":35,"column":79}},"17":{"start":{"line":37,"column":6},"end":{"line":39,"column":78}},"18":{"start":{"line":42,"column":4},"end":{"line":42,"column":16}},"19":{"start":{"line":46,"column":26},"end":{"line":65,"column":2}},"20":{"start":{"line":47,"column":2},"end":{"line":64,"column":3}},"21":{"start":{"line":48,"column":19},"end":{"line":48,"column":31}},"22":{"start":{"line":49,"column":29},"end":{"line":49,"column":62}},"23":{"start":{"line":50,"column":17},"end":{"line":50,"column":53}},"24":{"start":{"line":51,"column":4},"end":{"line":55,"column":5}},"25":{"start":{"line":52,"column":6},"end":{"line":54,"column":62}},"26":{"start":{"line":56,"column":4},"end":{"line":61,"column":5}},"27":{"start":{"line":57,"column":6},"end":{"line":60,"column":9}},"28":{"start":{"line":63,"column":4},"end":{"line":63,"column":16}},"29":{"start":{"line":67,"column":30},"end":{"line":98,"column":2}},"30":{"start":{"line":68,"column":2},"end":{"line":97,"column":3}},"31":{"start":{"line":69,"column":45},"end":{"line":69,"column":53}},"32":{"start":{"line":70,"column":17},"end":{"line":70,"column":50}},"33":{"start":{"line":71,"column":4},"end":{"line":76,"column":5}},"34":{"start":{"line":72,"column":6},"end":{"line":75,"column":9}},"35":{"start":{"line":77,"column":28},"end":{"line":80,"column":5}},"36":{"start":{"line":81,"column":4},"end":{"line":85,"column":5}},"37":{"start":{"line":82,"column":6},"end":{"line":84,"column":72}},"38":{"start":{"line":86,"column":4},"end":{"line":86,"column":55}},"39":{"start":{"line":87,"column":22},"end":{"line":87,"column":39}},"40":{"start":{"line":88,"column":4},"end":{"line":94,"column":5}},"41":{"start":{"line":89,"column":6},"end":{"line":89,"column":80}},"42":{"start":{"line":91,"column":6},"end":{"line":93,"column":77}},"43":{"start":{"line":96,"column":4},"end":{"line":96,"column":16}}},"fnMap":{"0":{"name":"(anonymous_0)","decl":{"start":{"line":6,"column":40},"end":{"line":6,"column":41}},"loc":{"start":{"line":6,"column":60},"end":{"line":21,"column":1}},"line":6},"1":{"name":"(anonymous_1)","decl":{"start":{"line":23,"column":42},"end":{"line":23,"column":43}},"loc":{"start":{"line":23,"column":62},"end":{"line":44,"column":1}},"line":23},"2":{"name":"(anonymous_2)","decl":{"start":{"line":46,"column":39},"end":{"line":46,"column":40}},"loc":{"start":{"line":46,"column":59},"end":{"line":65,"column":1}},"line":46},"3":{"name":"(anonymous_3)","decl":{"start":{"line":67,"column":43},"end":{"line":67,"column":44}},"loc":{"start":{"line":67,"column":63},"end":{"line":98,"column":1}},"line":67}},"branchMap":{"0":{"loc":{"start":{"line":9,"column":4},"end":{"line":13,"column":5}},"type":"if","locations":[{"start":{"line":9,"column":4},"end":{"line":13,"column":5}},{"start":{},"end":{}}],"line":9},"1":{"loc":{"start":{"line":26,"column":4},"end":{"line":30,"column":5}},"type":"if","locations":[{"start":{"line":26,"column":4},"end":{"line":30,"column":5}},{"start":{},"end":{}}],"line":26},"2":{"loc":{"start":{"line":34,"column":4},"end":{"line":40,"column":5}},"type":"if","locations":[{"start":{"line":34,"column":4},"end":{"line":40,"column":5}},{"start":{"line":36,"column":11},"end":{"line":40,"column":5}}],"line":34},"3":{"loc":{"start":{"line":51,"column":4},"end":{"line":55,"column":5}},"type":"if","locations":[{"start":{"line":51,"column":4},"end":{"line":55,"column":5}},{"start":{},"end":{}}],"line":51},"4":{"loc":{"start":{"line":56,"column":4},"end":{"line":61,"column":5}},"type":"if","locations":[{"start":{"line":56,"column":4},"end":{"line":61,"column":5}},{"start":{},"end":{}}],"line":56},"5":{"loc":{"start":{"line":71,"column":4},"end":{"line":76,"column":5}},"type":"if","locations":[{"start":{"line":71,"column":4},"end":{"line":76,"column":5}},{"start":{},"end":{}}],"line":71},"6":{"loc":{"start":{"line":81,"column":4},"end":{"line":85,"column":5}},"type":"if","locations":[{"start":{"line":81,"column":4},"end":{"line":85,"column":5}},{"start":{},"end":{}}],"line":81},"7":{"loc":{"start":{"line":88,"column":4},"end":{"line":94,"column":5}},"type":"if","locations":[{"start":{"line":88,"column":4},"end":{"line":94,"column":5}},{"start":{"line":90,"column":11},"end":{"line":94,"column":5}}],"line":88}},"s":{"0":2,"1":2,"2":2,"3":2,"4":0,"5":2,"6":0,"7":2,"8":2,"9":2,"10":1,"11":0,"12":1,"13":1,"14":1,"15":1,"16":1,"17":0,"18":1,"19":2,"20":1,"21":1,"22":1,"23":1,"24":1,"25":0,"26":1,"27":1,"28":0,"29":2,"30":2,"31":2,"32":2,"33":2,"34":0,"35":2,"36":2,"37":1,"38":1,"39":1,"40":1,"41":1,"42":0,"43":0},"f":{"0":2,"1":2,"2":1,"3":2},"b":{"0":[0,2],"1":[0,1],"2":[1,0],"3":[0,1],"4":[1,0],"5":[0,2],"6":[1,1],"7":[1,0]},"inputSourceMap":null,"_coverageSchema":"1a1c01bbd47fc00a2c39e90264f33305004495a9","hash":"25f385c7cfe1bef740bdb5dba09fae522afe8f42"}
,"/home/elku/DEV/FullStackDev/taskTracker/server/src/controllers/taskController.js": {"path":"/home/elku/DEV/FullStackDev/taskTracker/server/src/controllers/taskController.js","statementMap":{"0":{"start":{"line":4,"column":18},"end":{"line":4,"column":20}},"1":{"start":{"line":7,"column":23},"end":{"line":19,"column":2}},"2":{"start":{"line":8,"column":2},"end":{"line":18,"column":3}},"3":{"start":{"line":9,"column":19},"end":{"line":9,"column":31}},"4":{"start":{"line":10,"column":18},"end":{"line":10,"column":45}},"5":{"start":{"line":11,"column":4},"end":{"line":15,"column":5}},"6":{"start":{"line":12,"column":6},"end":{"line":12,"column":64}},"7":{"start":{"line":14,"column":6},"end":{"line":14,"column":35}},"8":{"start":{"line":17,"column":4},"end":{"line":17,"column":16}},"9":{"start":{"line":23,"column":24},"end":{"line":54,"column":2}},"10":{"start":{"line":24,"column":2},"end":{"line":53,"column":3}},"11":{"start":{"line":25,"column":29},"end":{"line":29,"column":5}},"12":{"start":{"line":30,"column":4},"end":{"line":36,"column":5}},"13":{"start":{"line":32,"column":6},"end":{"line":35,"column":9}},"14":{"start":{"line":37,"column":24},"end":{"line":37,"column":63}},"15":{"start":{"line":38,"column":4},"end":{"line":50,"column":5}},"16":{"start":{"line":39,"column":6},"end":{"line":43,"column":9}},"17":{"start":{"line":45,"column":6},"end":{"line":49,"column":9}},"18":{"start":{"line":52,"column":4},"end":{"line":52,"column":16}},"19":{"start":{"line":56,"column":27},"end":{"line":90,"column":2}},"20":{"start":{"line":57,"column":2},"end":{"line":89,"column":3}},"21":{"start":{"line":59,"column":4},"end":{"line":68,"column":5}},"22":{"start":{"line":60,"column":6},"end":{"line":62,"column":10}},"23":{"start":{"line":64,"column":6},"end":{"line":67,"column":10}},"24":{"start":{"line":69,"column":4},"end":{"line":86,"column":5}},"25":{"start":{"line":70,"column":6},"end":{"line":80,"column":7}},"26":{"start":{"line":71,"column":8},"end":{"line":74,"column":11}},"27":{"start":{"line":76,"column":8},"end":{"line":79,"column":11}},"28":{"start":{"line":82,"column":6},"end":{"line":85,"column":9}},"29":{"start":{"line":88,"column":4},"end":{"line":88,"column":16}},"30":{"start":{"line":93,"column":27},"end":{"line":123,"column":2}},"31":{"start":{"line":94,"column":27},"end":{"line":94,"column":79}},"32":{"start":{"line":95,"column":2},"end":{"line":100,"column":3}},"33":{"start":{"line":96,"column":4},"end":{"line":99,"column":7}},"34":{"start":{"line":101,"column":2},"end":{"line":119,"column":5}},"35":{"start":{"line":102,"column":4},"end":{"line":118,"column":5}},"36":{"start":{"line":103,"column":26},"end":{"line":107,"column":7}},"37":{"start":{"line":108,"column":6},"end":{"line":115,"column":7}},"38":{"start":{"line":109,"column":8},"end":{"line":114,"column":11}},"39":{"start":{"line":117,"column":6},"end":{"line":117,"column":18}},"40":{"start":{"line":120,"column":2},"end":{"line":122,"column":3}},"41":{"start":{"line":121,"column":4},"end":{"line":121,"column":80}},"42":{"start":{"line":125,"column":25},"end":{"line":153,"column":1}},"43":{"start":{"line":127,"column":15},"end":{"line":127,"column":24}},"44":{"start":{"line":128,"column":24},"end":{"line":135,"column":4}},"45":{"start":{"line":129,"column":16},"end":{"line":129,"column":46}},"46":{"start":{"line":130,"column":4},"end":{"line":132,"column":5}},"47":{"start":{"line":131,"column":6},"end":{"line":131,"column":19}},"48":{"start":{"line":133,"column":4},"end":{"line":133,"column":18}},"49":{"start":{"line":134,"column":4},"end":{"line":134,"column":16}},"50":{"start":{"line":137,"column":19},"end":{"line":143,"column":5}},"51":{"start":{"line":137,"column":48},"end":{"line":143,"column":3}},"52":{"start":{"line":144,"column":16},"end":{"line":144,"column":43}},"53":{"start":{"line":145,"column":19},"end":{"line":145,"column":79}},"54":{"start":{"line":145,"column":47},"end":{"line":145,"column":77}},"55":{"start":{"line":146,"column":22},"end":{"line":148,"column":3}},"56":{"start":{"line":147,"column":14},"end":{"line":147,"column":59}},"57":{"start":{"line":149,"column":2},"end":{"line":151,"column":3}},"58":{"start":{"line":150,"column":4},"end":{"line":150,"column":58}},"59":{"start":{"line":152,"column":2},"end":{"line":152,"column":21}}},"fnMap":{"0":{"name":"(anonymous_0)","decl":{"start":{"line":7,"column":36},"end":{"line":7,"column":37}},"loc":{"start":{"line":7,"column":62},"end":{"line":19,"column":1}},"line":7},"1":{"name":"(anonymous_1)","decl":{"start":{"line":23,"column":37},"end":{"line":23,"column":38}},"loc":{"start":{"line":23,"column":63},"end":{"line":54,"column":1}},"line":23},"2":{"name":"(anonymous_2)","decl":{"start":{"line":56,"column":40},"end":{"line":56,"column":41}},"loc":{"start":{"line":56,"column":66},"end":{"line":90,"column":1}},"line":56},"3":{"name":"(anonymous_3)","decl":{"start":{"line":93,"column":40},"end":{"line":93,"column":41}},"loc":{"start":{"line":93,"column":66},"end":{"line":123,"column":1}},"line":93},"4":{"name":"(anonymous_4)","decl":{"start":{"line":101,"column":27},"end":{"line":101,"column":28}},"loc":{"start":{"line":101,"column":43},"end":{"line":119,"column":3}},"line":101},"5":{"name":"(anonymous_5)","decl":{"start":{"line":125,"column":25},"end":{"line":125,"column":26}},"loc":{"start":{"line":125,"column":67},"end":{"line":153,"column":1}},"line":125},"6":{"name":"(anonymous_6)","decl":{"start":{"line":128,"column":39},"end":{"line":128,"column":40}},"loc":{"start":{"line":128,"column":49},"end":{"line":135,"column":3}},"line":128},"7":{"name":"(anonymous_7)","decl":{"start":{"line":137,"column":37},"end":{"line":137,"column":38}},"loc":{"start":{"line":137,"column":48},"end":{"line":143,"column":3}},"line":137},"8":{"name":"(anonymous_8)","decl":{"start":{"line":145,"column":37},"end":{"line":145,"column":38}},"loc":{"start":{"line":145,"column":47},"end":{"line":145,"column":77}},"line":145},"9":{"name":"(anonymous_9)","decl":{"start":{"line":147,"column":4},"end":{"line":147,"column":5}},"loc":{"start":{"line":147,"column":14},"end":{"line":147,"column":59}},"line":147}},"branchMap":{"0":{"loc":{"start":{"line":11,"column":4},"end":{"line":15,"column":5}},"type":"if","locations":[{"start":{"line":11,"column":4},"end":{"line":15,"column":5}},{"start":{"line":13,"column":11},"end":{"line":15,"column":5}}],"line":11},"1":{"loc":{"start":{"line":30,"column":4},"end":{"line":36,"column":5}},"type":"if","locations":[{"start":{"line":30,"column":4},"end":{"line":36,"column":5}},{"start":{},"end":{}}],"line":30},"2":{"loc":{"start":{"line":38,"column":4},"end":{"line":50,"column":5}},"type":"if","locations":[{"start":{"line":38,"column":4},"end":{"line":50,"column":5}},{"start":{"line":44,"column":11},"end":{"line":50,"column":5}}],"line":38},"3":{"loc":{"start":{"line":59,"column":4},"end":{"line":68,"column":5}},"type":"if","locations":[{"start":{"line":59,"column":4},"end":{"line":68,"column":5}},{"start":{"line":63,"column":11},"end":{"line":68,"column":5}}],"line":59},"4":{"loc":{"start":{"line":69,"column":4},"end":{"line":86,"column":5}},"type":"if","locations":[{"start":{"line":69,"column":4},"end":{"line":86,"column":5}},{"start":{"line":81,"column":11},"end":{"line":86,"column":5}}],"line":69},"5":{"loc":{"start":{"line":70,"column":6},"end":{"line":80,"column":7}},"type":"if","locations":[{"start":{"line":70,"column":6},"end":{"line":80,"column":7}},{"start":{"line":75,"column":13},"end":{"line":80,"column":7}}],"line":70},"6":{"loc":{"start":{"line":95,"column":2},"end":{"line":100,"column":3}},"type":"if","locations":[{"start":{"line":95,"column":2},"end":{"line":100,"column":3}},{"start":{},"end":{}}],"line":95},"7":{"loc":{"start":{"line":108,"column":6},"end":{"line":115,"column":7}},"type":"if","locations":[{"start":{"line":108,"column":6},"end":{"line":115,"column":7}},{"start":{},"end":{}}],"line":108},"8":{"loc":{"start":{"line":120,"column":2},"end":{"line":122,"column":3}},"type":"if","locations":[{"start":{"line":120,"column":2},"end":{"line":122,"column":3}},{"start":{},"end":{}}],"line":120},"9":{"loc":{"start":{"line":125,"column":49},"end":{"line":125,"column":62}},"type":"default-arg","locations":[{"start":{"line":125,"column":57},"end":{"line":125,"column":62}}],"line":125},"10":{"loc":{"start":{"line":130,"column":4},"end":{"line":132,"column":5}},"type":"if","locations":[{"start":{"line":130,"column":4},"end":{"line":132,"column":5}},{"start":{},"end":{}}],"line":130},"11":{"loc":{"start":{"line":141,"column":8},"end":{"line":141,"column":40}},"type":"binary-expr","locations":[{"start":{"line":141,"column":8},"end":{"line":141,"column":13}},{"start":{"line":141,"column":17},"end":{"line":141,"column":40}}],"line":141},"12":{"loc":{"start":{"line":142,"column":8},"end":{"line":142,"column":39}},"type":"binary-expr","locations":[{"start":{"line":142,"column":8},"end":{"line":142,"column":14}},{"start":{"line":142,"column":18},"end":{"line":142,"column":39}}],"line":142},"13":{"loc":{"start":{"line":149,"column":2},"end":{"line":151,"column":3}},"type":"if","locations":[{"start":{"line":149,"column":2},"end":{"line":151,"column":3}},{"start":{},"end":{}}],"line":149}},"s":{"0":2,"1":2,"2":0,"3":0,"4":0,"5":0,"6":0,"7":0,"8":0,"9":2,"10":0,"11":0,"12":0,"13":0,"14":0,"15":0,"16":0,"17":0,"18":0,"19":2,"20":0,"21":0,"22":0,"23":0,"24":0,"25":0,"26":0,"27":0,"28":0,"29":0,"30":2,"31":0,"32":0,"33":0,"34":0,"35":0,"36":0,"37":0,"38":0,"39":0,"40":0,"41":0,"42":2,"43":0,"44":0,"45":0,"46":0,"47":0,"48":0,"49":0,"50":0,"51":0,"52":0,"53":0,"54":0,"55":0,"56":0,"57":0,"58":0,"59":0},"f":{"0":0,"1":0,"2":0,"3":0,"4":0,"5":0,"6":0,"7":0,"8":0,"9":0},"b":{"0":[0,0],"1":[0,0],"2":[0,0],"3":[0,0],"4":[0,0],"5":[0,0],"6":[0,0],"7":[0,0],"8":[0,0],"9":[0],"10":[0,0],"11":[0,0],"12":[0,0],"13":[0,0]},"inputSourceMap":null,"_coverageSchema":"1a1c01bbd47fc00a2c39e90264f33305004495a9","hash":"d247f6b77649733cb84f92a13f6f81b8bf019096"}
,"/home/elku/DEV/FullStackDev/taskTracker/server/src/controllers/userAuthController.js": {"path":"/home/elku/DEV/FullStackDev/taskTracker/server/src/controllers/userAuthController.js","statementMap":{"0":{"start":{"line":11,"column":28},"end":{"line":37,"column":2}},"1":{"start":{"line":12,"column":40},"end":{"line":12,"column":48}},"2":{"start":{"line":14,"column":21},"end":{"line":14,"column":53}},"3":{"start":{"line":15,"column":2},"end":{"line":20,"column":3}},"4":{"start":{"line":16,"column":4},"end":{"line":19,"column":7}},"5":{"start":{"line":21,"column":25},"end":{"line":21,"column":56}},"6":{"start":{"line":22,"column":18},"end":{"line":27,"column":3}},"7":{"start":{"line":28,"column":15},"end":{"line":28,"column":41}},"8":{"start":{"line":30,"column":2},"end":{"line":36,"column":3}},"9":{"start":{"line":31,"column":4},"end":{"line":31,"column":28}},"10":{"start":{"line":32,"column":4},"end":{"line":35,"column":7}},"11":{"start":{"line":39,"column":25},"end":{"line":68,"column":2}},"12":{"start":{"line":40,"column":33},"end":{"line":40,"column":41}},"13":{"start":{"line":41,"column":2},"end":{"line":46,"column":3}},"14":{"start":{"line":42,"column":4},"end":{"line":45,"column":7}},"15":{"start":{"line":47,"column":15},"end":{"line":47,"column":47}},"16":{"start":{"line":48,"column":2},"end":{"line":53,"column":3}},"17":{"start":{"line":49,"column":4},"end":{"line":52,"column":7}},"18":{"start":{"line":54,"column":26},"end":{"line":54,"column":71}},"19":{"start":{"line":55,"column":2},"end":{"line":59,"column":3}},"20":{"start":{"line":56,"column":4},"end":{"line":58,"column":74}},"21":{"start":{"line":60,"column":2},"end":{"line":60,"column":28}},"22":{"start":{"line":61,"column":2},"end":{"line":67,"column":5}}},"fnMap":{"0":{"name":"(anonymous_0)","decl":{"start":{"line":11,"column":41},"end":{"line":11,"column":42}},"loc":{"start":{"line":11,"column":61},"end":{"line":37,"column":1}},"line":11},"1":{"name":"(anonymous_1)","decl":{"start":{"line":39,"column":38},"end":{"line":39,"column":39}},"loc":{"start":{"line":39,"column":58},"end":{"line":68,"column":1}},"line":39}},"branchMap":{"0":{"loc":{"start":{"line":15,"column":2},"end":{"line":20,"column":3}},"type":"if","locations":[{"start":{"line":15,"column":2},"end":{"line":20,"column":3}},{"start":{},"end":{}}],"line":15},"1":{"loc":{"start":{"line":26,"column":8},"end":{"line":26,"column":49}},"type":"binary-expr","locations":[{"start":{"line":26,"column":8},"end":{"line":26,"column":28}},{"start":{"line":26,"column":32},"end":{"line":26,"column":49}}],"line":26},"2":{"loc":{"start":{"line":30,"column":2},"end":{"line":36,"column":3}},"type":"if","locations":[{"start":{"line":30,"column":2},"end":{"line":36,"column":3}},{"start":{},"end":{}}],"line":30},"3":{"loc":{"start":{"line":41,"column":2},"end":{"line":46,"column":3}},"type":"if","locations":[{"start":{"line":41,"column":2},"end":{"line":46,"column":3}},{"start":{},"end":{}}],"line":41},"4":{"loc":{"start":{"line":41,"column":6},"end":{"line":41,"column":28}},"type":"binary-expr","locations":[{"start":{"line":41,"column":6},"end":{"line":41,"column":15}},{"start":{"line":41,"column":19},"end":{"line":41,"column":28}}],"line":41},"5":{"loc":{"start":{"line":48,"column":2},"end":{"line":53,"column":3}},"type":"if","locations":[{"start":{"line":48,"column":2},"end":{"line":53,"column":3}},{"start":{},"end":{}}],"line":48},"6":{"loc":{"start":{"line":55,"column":2},"end":{"line":59,"column":3}},"type":"if","locations":[{"start":{"line":55,"column":2},"end":{"line":59,"column":3}},{"start":{},"end":{}}],"line":55}},"s":{"0":2,"1":48,"2":48,"3":48,"4":1,"5":47,"6":47,"7":47,"8":43,"9":43,"10":43,"11":2,"12":43,"13":43,"14":2,"15":41,"16":41,"17":3,"18":38,"19":38,"20":0,"21":38,"22":38},"f":{"0":48,"1":43},"b":{"0":[1,47],"1":[47,0],"2":[43,0],"3":[2,41],"4":[43,42],"5":[3,38],"6":[0,38]},"inputSourceMap":null,"_coverageSchema":"1a1c01bbd47fc00a2c39e90264f33305004495a9","hash":"b3c1ec8e085a23ef7aac44cc26fb303e5d5f5cac"}
,"/home/elku/DEV/FullStackDev/taskTracker/server/src/middleware/errorMiddleware.js": {"path":"/home/elku/DEV/FullStackDev/taskTracker/server/src/middleware/errorMiddleware.js","statementMap":{"0":{"start":{"line":4,"column":21},"end":{"line":11,"column":1}},"1":{"start":{"line":6,"column":4},"end":{"line":6,"column":78}},"2":{"start":{"line":7,"column":2},"end":{"line":10,"column":5}}},"fnMap":{"0":{"name":"(anonymous_0)","decl":{"start":{"line":4,"column":21},"end":{"line":4,"column":22}},"loc":{"start":{"line":4,"column":46},"end":{"line":11,"column":1}},"line":4}},"branchMap":{"0":{"loc":{"start":{"line":6,"column":4},"end":{"line":6,"column":78}},"type":"cond-expr","locations":[{"start":{"line":6,"column":28},"end":{"line":6,"column":31}},{"start":{"line":6,"column":34},"end":{"line":6,"column":78}}],"line":6},"1":{"loc":{"start":{"line":6,"column":34},"end":{"line":6,"column":78}},"type":"cond-expr","locations":[{"start":{"line":6,"column":58},"end":{"line":6,"column":61}},{"start":{"line":6,"column":64},"end":{"line":6,"column":78}}],"line":6},"2":{"loc":{"start":{"line":9,"column":13},"end":{"line":9,"column":69}},"type":"cond-expr","locations":[{"start":{"line":9,"column":53},"end":{"line":9,"column":57}},{"start":{"line":9,"column":60},"end":{"line":9,"column":69}}],"line":9}},"s":{"0":2,"1":8,"2":8},"f":{"0":8},"b":{"0":[0,8],"1":[5,3],"2":[0,8]},"inputSourceMap":null,"_coverageSchema":"1a1c01bbd47fc00a2c39e90264f33305004495a9","hash":"98425d0bac24b172afd5fad165b3320c545ac9ff"}
,"/home/elku/DEV/FullStackDev/taskTracker/server/src/middleware/isAdminMiddleware.js": {"path":"/home/elku/DEV/FullStackDev/taskTracker/server/src/middleware/isAdminMiddleware.js","statementMap":{"0":{"start":{"line":3,"column":16},"end":{"line":9,"column":2}},"1":{"start":{"line":4,"column":2},"end":{"line":8,"column":3}},"2":{"start":{"line":5,"column":4},"end":{"line":5,"column":11}},"3":{"start":{"line":7,"column":4},"end":{"line":7,"column":76}}},"fnMap":{"0":{"name":"(anonymous_0)","decl":{"start":{"line":3,"column":29},"end":{"line":3,"column":30}},"loc":{"start":{"line":3,"column":55},"end":{"line":9,"column":1}},"line":3}},"branchMap":{"0":{"loc":{"start":{"line":4,"column":2},"end":{"line":8,"column":3}},"type":"if","locations":[{"start":{"line":4,"column":2},"end":{"line":8,"column":3}},{"start":{"line":6,"column":9},"end":{"line":8,"column":3}}],"line":4},"1":{"loc":{"start":{"line":4,"column":6},"end":{"line":4,"column":43}},"type":"binary-expr","locations":[{"start":{"line":4,"column":6},"end":{"line":4,"column":14}},{"start":{"line":4,"column":18},"end":{"line":4,"column":43}}],"line":4}},"s":{"0":2,"1":0,"2":0,"3":0},"f":{"0":0},"b":{"0":[0,0],"1":[0,0]},"inputSourceMap":null,"_coverageSchema":"1a1c01bbd47fc00a2c39e90264f33305004495a9","hash":"491900510b522be77e21cd4354dcec64d753e938"}
,"/home/elku/DEV/FullStackDev/taskTracker/server/src/middleware/protectMiddleware.js": {"path":"/home/elku/DEV/FullStackDev/taskTracker/server/src/middleware/protectMiddleware.js","statementMap":{"0":{"start":{"line":5,"column":16},"end":{"line":19,"column":2}},"1":{"start":{"line":6,"column":21},"end":{"line":6,"column":46}},"2":{"start":{"line":7,"column":2},"end":{"line":17,"column":3}},"3":{"start":{"line":8,"column":18},"end":{"line":8,"column":42}},"4":{"start":{"line":9,"column":4},"end":{"line":16,"column":5}},"5":{"start":{"line":10,"column":22},"end":{"line":10,"column":63}},"6":{"start":{"line":12,"column":6},"end":{"line":12,"column":69}},"7":{"start":{"line":13,"column":6},"end":{"line":13,"column":20}},"8":{"start":{"line":15,"column":6},"end":{"line":15,"column":79}},"9":{"start":{"line":18,"column":2},"end":{"line":18,"column":74}}},"fnMap":{"0":{"name":"(anonymous_0)","decl":{"start":{"line":5,"column":29},"end":{"line":5,"column":30}},"loc":{"start":{"line":5,"column":55},"end":{"line":19,"column":1}},"line":5}},"branchMap":{"0":{"loc":{"start":{"line":7,"column":2},"end":{"line":17,"column":3}},"type":"if","locations":[{"start":{"line":7,"column":2},"end":{"line":17,"column":3}},{"start":{},"end":{}}],"line":7},"1":{"loc":{"start":{"line":7,"column":6},"end":{"line":7,"column":52}},"type":"binary-expr","locations":[{"start":{"line":7,"column":6},"end":{"line":7,"column":16}},{"start":{"line":7,"column":20},"end":{"line":7,"column":52}}],"line":7}},"s":{"0":2,"1":19,"2":19,"3":19,"4":19,"5":19,"6":16,"7":16,"8":3,"9":3},"f":{"0":19},"b":{"0":[19,0],"1":[19,19]},"inputSourceMap":null,"_coverageSchema":"1a1c01bbd47fc00a2c39e90264f33305004495a9","hash":"43ada23fa3a4b4a19b6918e69f5211ebc64498aa"}
,"/home/elku/DEV/FullStackDev/taskTracker/server/src/middleware/rateLimitMiddleware.js": {"path":"/home/elku/DEV/FullStackDev/taskTracker/server/src/middleware/rateLimitMiddleware.js","statementMap":{"0":{"start":{"line":3,"column":18},"end":{"line":3,"column":58}},"1":{"start":{"line":5,"column":15},"end":{"line":5,"column":19}},"2":{"start":{"line":8,"column":28},"end":{"line":19,"column":2}},"3":{"start":{"line":18,"column":22},"end":{"line":18,"column":48}},"4":{"start":{"line":22,"column":33},"end":{"line":24,"column":1}},"5":{"start":{"line":23,"column":2},"end":{"line":23,"column":28}},"6":{"start":{"line":27,"column":31},"end":{"line":37,"column":2}},"7":{"start":{"line":36,"column":22},"end":{"line":36,"column":48}},"8":{"start":{"line":40,"column":30},"end":{"line":50,"column":2}},"9":{"start":{"line":49,"column":22},"end":{"line":49,"column":48}},"10":{"start":{"line":53,"column":31},"end":{"line":55,"column":1}},"11":{"start":{"line":54,"column":2},"end":{"line":54,"column":30}},"12":{"start":{"line":58,"column":30},"end":{"line":68,"column":2}},"13":{"start":{"line":67,"column":22},"end":{"line":67,"column":48}},"14":{"start":{"line":71,"column":36},"end":{"line":81,"column":2}},"15":{"start":{"line":80,"column":22},"end":{"line":80,"column":48}}},"fnMap":{"0":{"name":"(anonymous_0)","decl":{"start":{"line":18,"column":8},"end":{"line":18,"column":9}},"loc":{"start":{"line":18,"column":22},"end":{"line":18,"column":48}},"line":18},"1":{"name":"(anonymous_1)","decl":{"start":{"line":22,"column":33},"end":{"line":22,"column":34}},"loc":{"start":{"line":22,"column":41},"end":{"line":24,"column":1}},"line":22},"2":{"name":"(anonymous_2)","decl":{"start":{"line":36,"column":8},"end":{"line":36,"column":9}},"loc":{"start":{"line":36,"column":22},"end":{"line":36,"column":48}},"line":36},"3":{"name":"(anonymous_3)","decl":{"start":{"line":49,"column":8},"end":{"line":49,"column":9}},"loc":{"start":{"line":49,"column":22},"end":{"line":49,"column":48}},"line":49},"4":{"name":"(anonymous_4)","decl":{"start":{"line":53,"column":31},"end":{"line":53,"column":32}},"loc":{"start":{"line":53,"column":39},"end":{"line":55,"column":1}},"line":53},"5":{"name":"(anonymous_5)","decl":{"start":{"line":67,"column":8},"end":{"line":67,"column":9}},"loc":{"start":{"line":67,"column":22},"end":{"line":67,"column":48}},"line":67},"6":{"name":"(anonymous_6)","decl":{"start":{"line":80,"column":8},"end":{"line":80,"column":9}},"loc":{"start":{"line":80,"column":22},"end":{"line":80,"column":48}},"line":80}},"branchMap":{},"s":{"0":2,"1":2,"2":2,"3":43,"4":2,"5":38,"6":2,"7":0,"8":2,"9":68,"10":2,"11":43,"12":2,"13":2,"14":2,"15":13},"f":{"0":43,"1":38,"2":0,"3":68,"4":43,"5":2,"6":13},"b":{},"inputSourceMap":null,"_coverageSchema":"1a1c01bbd47fc00a2c39e90264f33305004495a9","hash":"da18f499aedc65f8b04eae0566027d78229a1f28"}
,"/home/elku/DEV/FullStackDev/taskTracker/server/src/middleware/validateMiddleware.js": {"path":"/home/elku/DEV/FullStackDev/taskTracker/server/src/middleware/validateMiddleware.js","statementMap":{"0":{"start":{"line":3,"column":17},"end":{"line":16,"column":1}},"1":{"start":{"line":3,"column":35},"end":{"line":16,"column":1}},"2":{"start":{"line":4,"column":27},"end":{"line":4,"column":36}},"3":{"start":{"line":6,"column":4},"end":{"line":11,"column":5}},"4":{"start":{"line":7,"column":32},"end":{"line":7,"column":57}},"5":{"start":{"line":8,"column":8},"end":{"line":8,"column":61}},"6":{"start":{"line":10,"column":8},"end":{"line":10,"column":52}},"7":{"start":{"line":12,"column":4},"end":{"line":14,"column":5}},"8":{"start":{"line":13,"column":8},"end":{"line":13,"column":101}},"9":{"start":{"line":15,"column":4},"end":{"line":15,"column":11}}},"fnMap":{"0":{"name":"(anonymous_0)","decl":{"start":{"line":3,"column":17},"end":{"line":3,"column":18}},"loc":{"start":{"line":3,"column":35},"end":{"line":16,"column":1}},"line":3},"1":{"name":"(anonymous_1)","decl":{"start":{"line":3,"column":35},"end":{"line":3,"column":36}},"loc":{"start":{"line":3,"column":55},"end":{"line":16,"column":1}},"line":3}},"branchMap":{"0":{"loc":{"start":{"line":6,"column":4},"end":{"line":11,"column":5}},"type":"if","locations":[{"start":{"line":6,"column":4},"end":{"line":11,"column":5}},{"start":{"line":9,"column":11},"end":{"line":11,"column":5}}],"line":6},"1":{"loc":{"start":{"line":12,"column":4},"end":{"line":14,"column":5}},"type":"if","locations":[{"start":{"line":12,"column":4},"end":{"line":14,"column":5}},{"start":{},"end":{}}],"line":12}},"s":{"0":2,"1":10,"2":81,"3":81,"4":0,"5":0,"6":81,"7":81,"8":29,"9":52},"f":{"0":10,"1":81},"b":{"0":[0,81],"1":[29,52]},"inputSourceMap":null,"_coverageSchema":"1a1c01bbd47fc00a2c39e90264f33305004495a9","hash":"972daed1aeb6a327813858ca7b4aba2d3c0e5d02"}
,"/home/elku/DEV/FullStackDev/taskTracker/server/src/models/taskModel.js": {"path":"/home/elku/DEV/FullStackDev/taskTracker/server/src/models/taskModel.js","statementMap":{"0":{"start":{"line":3,"column":19},"end":{"line":37,"column":1}},"1":{"start":{"line":39,"column":13},"end":{"line":39,"column":47}}},"fnMap":{},"branchMap":{},"s":{"0":2,"1":2},"f":{},"b":{},"inputSourceMap":null,"_coverageSchema":"1a1c01bbd47fc00a2c39e90264f33305004495a9","hash":"9b28e8df2d7e88f55046d9743261ae6695eba9da"}
,"/home/elku/DEV/FullStackDev/taskTracker/server/src/models/userModel.js": {"path":"/home/elku/DEV/FullStackDev/taskTracker/server/src/models/userModel.js","statementMap":{"0":{"start":{"line":3,"column":19},"end":{"line":31,"column":1}},"1":{"start":{"line":34,"column":0},"end":{"line":42,"column":3}},"2":{"start":{"line":35,"column":2},"end":{"line":37,"column":3}},"3":{"start":{"line":36,"column":4},"end":{"line":36,"column":23}},"4":{"start":{"line":38,"column":2},"end":{"line":40,"column":3}},"5":{"start":{"line":39,"column":4},"end":{"line":39,"column":43}},"6":{"start":{"line":41,"column":2},"end":{"line":41,"column":9}},"7":{"start":{"line":44,"column":13},"end":{"line":44,"column":47}}},"fnMap":{"0":{"name":"(anonymous_0)","decl":{"start":{"line":34,"column":23},"end":{"line":34,"column":24}},"loc":{"start":{"line":34,"column":39},"end":{"line":42,"column":1}},"line":34}},"branchMap":{"0":{"loc":{"start":{"line":35,"column":2},"end":{"line":37,"column":3}},"type":"if","locations":[{"start":{"line":35,"column":2},"end":{"line":37,"column":3}},{"start":{},"end":{}}],"line":35},"1":{"loc":{"start":{"line":38,"column":2},"end":{"line":40,"column":3}},"type":"if","locations":[{"start":{"line":38,"column":2},"end":{"line":40,"column":3}},{"start":{},"end":{}}],"line":38}},"s":{"0":2,"1":2,"2":49,"3":0,"4":49,"5":47,"6":49,"7":2},"f":{"0":49},"b":{"0":[0,49],"1":[47,2]},"inputSourceMap":null,"_coverageSchema":"1a1c01bbd47fc00a2c39e90264f33305004495a9","hash":"483b2378c7d8db8838a5dd348347b1e0d340ea26"}
,"/home/elku/DEV/FullStackDev/taskTracker/server/src/routes/adminRouter.js": {"path":"/home/elku/DEV/FullStackDev/taskTracker/server/src/routes/adminRouter.js","statementMap":{"0":{"start":{"line":11,"column":15},"end":{"line":11,"column":52}},"1":{"start":{"line":12,"column":0},"end":{"line":12,"column":27}},"2":{"start":{"line":15,"column":0},"end":{"line":15,"column":29}},"3":{"start":{"line":17,"column":0},"end":{"line":22,"column":22}}},"fnMap":{},"branchMap":{},"s":{"0":2,"1":2,"2":2,"3":2},"f":{},"b":{},"inputSourceMap":null,"_coverageSchema":"1a1c01bbd47fc00a2c39e90264f33305004495a9","hash":"5a2231cb397f2f354a503c69007a012f225c8bbf"}
,"/home/elku/DEV/FullStackDev/taskTracker/server/src/routes/profileRouter.js": {"path":"/home/elku/DEV/FullStackDev/taskTracker/server/src/routes/profileRouter.js","statementMap":{"0":{"start":{"line":11,"column":15},"end":{"line":11,"column":52}},"1":{"start":{"line":12,"column":0},"end":{"line":12,"column":27}},"2":{"start":{"line":21,"column":0},"end":{"line":21,"column":20}},"3":{"start":{"line":23,"column":0},"end":{"line":27,"column":22}},"4":{"start":{"line":29,"column":0},"end":{"line":35,"column":4}}},"fnMap":{},"branchMap":{},"s":{"0":2,"1":2,"2":2,"3":2,"4":2},"f":{},"b":{},"inputSourceMap":null,"_coverageSchema":"1a1c01bbd47fc00a2c39e90264f33305004495a9","hash":"30cc160760f9a58cbb137d1c6fd66f48313f7829"}
,"/home/elku/DEV/FullStackDev/taskTracker/server/src/routes/taskRouter.js": {"path":"/home/elku/DEV/FullStackDev/taskTracker/server/src/routes/taskRouter.js","statementMap":{"0":{"start":{"line":10,"column":15},"end":{"line":10,"column":52}},"1":{"start":{"line":11,"column":0},"end":{"line":11,"column":27}},"2":{"start":{"line":21,"column":0},"end":{"line":21,"column":20}},"3":{"start":{"line":23,"column":0},"end":{"line":28,"column":40}}},"fnMap":{},"branchMap":{},"s":{"0":2,"1":2,"2":2,"3":2},"f":{},"b":{},"inputSourceMap":null,"_coverageSchema":"1a1c01bbd47fc00a2c39e90264f33305004495a9","hash":"556e033ec476eb76af304612a8add90074b0ce3d"}
,"/home/elku/DEV/FullStackDev/taskTracker/server/src/routes/userAuthRouter.js": {"path":"/home/elku/DEV/FullStackDev/taskTracker/server/src/routes/userAuthRouter.js","statementMap":{"0":{"start":{"line":9,"column":15},"end":{"line":9,"column":52}},"1":{"start":{"line":10,"column":0},"end":{"line":10,"column":27}},"2":{"start":{"line":14,"column":0},"end":{"line":16,"column":75}},"3":{"start":{"line":18,"column":0},"end":{"line":18,"column":53}}},"fnMap":{},"branchMap":{},"s":{"0":2,"1":2,"2":2,"3":2},"f":{},"b":{},"inputSourceMap":null,"_coverageSchema":"1a1c01bbd47fc00a2c39e90264f33305004495a9","hash":"a3e898bb5933edeaf392dae5e2762dd496e5d371"}
,"/home/elku/DEV/FullStackDev/taskTracker/server/src/utils/generateEmails.js": {"path":"/home/elku/DEV/FullStackDev/taskTracker/server/src/utils/generateEmails.js","statementMap":{"0":{"start":{"line":3,"column":25},"end":{"line":21,"column":1}},"1":{"start":{"line":4,"column":22},"end":{"line":9,"column":3}},"2":{"start":{"line":10,"column":2},"end":{"line":20,"column":3}},"3":{"start":{"line":11,"column":4},"end":{"line":17,"column":7}},"4":{"start":{"line":12,"column":6},"end":{"line":16,"column":7}},"5":{"start":{"line":13,"column":8},"end":{"line":13,"column":57}},"6":{"start":{"line":15,"column":8},"end":{"line":15,"column":50}},"7":{"start":{"line":19,"column":4},"end":{"line":19,"column":16}},"8":{"start":{"line":23,"column":32},"end":{"line":36,"column":1}},"9":{"start":{"line":24,"column":2},"end":{"line":35,"column":4}}},"fnMap":{"0":{"name":"(anonymous_0)","decl":{"start":{"line":3,"column":25},"end":{"line":3,"column":26}},"loc":{"start":{"line":3,"column":54},"end":{"line":21,"column":1}},"line":3},"1":{"name":"(anonymous_1)","decl":{"start":{"line":11,"column":43},"end":{"line":11,"column":44}},"loc":{"start":{"line":11,"column":60},"end":{"line":17,"column":5}},"line":11},"2":{"name":"(anonymous_2)","decl":{"start":{"line":23,"column":32},"end":{"line":23,"column":33}},"loc":{"start":{"line":23,"column":63},"end":{"line":36,"column":1}},"line":23}},"branchMap":{"0":{"loc":{"start":{"line":12,"column":6},"end":{"line":16,"column":7}},"type":"if","locations":[{"start":{"line":12,"column":6},"end":{"line":16,"column":7}},{"start":{"line":14,"column":13},"end":{"line":16,"column":7}}],"line":12}},"s":{"0":2,"1":0,"2":0,"3":0,"4":0,"5":0,"6":0,"7":0,"8":2,"9":0},"f":{"0":0,"1":0,"2":0},"b":{"0":[0,0]},"inputSourceMap":null,"_coverageSchema":"1a1c01bbd47fc00a2c39e90264f33305004495a9","hash":"16ccf817d3a1c418162fefadd01843dc0dd5faaa"}
,"/home/elku/DEV/FullStackDev/taskTracker/server/src/utils/generateToken.js": {"path":"/home/elku/DEV/FullStackDev/taskTracker/server/src/utils/generateToken.js","statementMap":{"0":{"start":{"line":3,"column":22},"end":{"line":7,"column":1}},"1":{"start":{"line":4,"column":2},"end":{"line":6,"column":5}}},"fnMap":{"0":{"name":"(anonymous_0)","decl":{"start":{"line":3,"column":22},"end":{"line":3,"column":23}},"loc":{"start":{"line":3,"column":30},"end":{"line":7,"column":1}},"line":3}},"branchMap":{},"s":{"0":2,"1":38},"f":{"0":38},"b":{},"inputSourceMap":null,"_coverageSchema":"1a1c01bbd47fc00a2c39e90264f33305004495a9","hash":"fcb9a2735ca5661e0bf51a418ef291626bd1de01"}
,"/home/elku/DEV/FullStackDev/taskTracker/server/src/validation/joiSchema.js": {"path":"/home/elku/DEV/FullStackDev/taskTracker/server/src/validation/joiSchema.js","statementMap":{"0":{"start":{"line":3,"column":12},"end":{"line":3,"column":35}},"1":{"start":{"line":5,"column":29},"end":{"line":5,"column":70}},"2":{"start":{"line":7,"column":30},"end":{"line":10,"column":2}},"3":{"start":{"line":12,"column":27},"end":{"line":15,"column":2}},"4":{"start":{"line":17,"column":30},"end":{"line":29,"column":4}},"5":{"start":{"line":31,"column":30},"end":{"line":33,"column":2}},"6":{"start":{"line":35,"column":26},"end":{"line":41,"column":4}},"7":{"start":{"line":43,"column":28},"end":{"line":49,"column":4}},"8":{"start":{"line":51,"column":17},"end":{"line":55,"column":2}},"9":{"start":{"line":57,"column":26},"end":{"line":59,"column":2}},"10":{"start":{"line":61,"column":33},"end":{"line":66,"column":2}},"11":{"start":{"line":68,"column":37},"end":{"line":72,"column":2}},"12":{"start":{"line":74,"column":26},"end":{"line":77,"column":2}},"13":{"start":{"line":79,"column":26},"end":{"line":83,"column":2}}},"fnMap":{},"branchMap":{},"s":{"0":2,"1":2,"2":2,"3":2,"4":2,"5":2,"6":2,"7":2,"8":2,"9":2,"10":2,"11":2,"12":2,"13":2},"f":{},"b":{},"inputSourceMap":null,"_coverageSchema":"1a1c01bbd47fc00a2c39e90264f33305004495a9","hash":"126891f5d3065b5d18d636a72a9cebd188002fb4"}
,"/home/elku/DEV/FullStackDev/taskTracker/server/tests/utils/auth.js": {"path":"/home/elku/DEV/FullStackDev/taskTracker/server/tests/utils/auth.js","statementMap":{"0":{"start":{"line":5,"column":28},"end":{"line":9,"column":1}},"1":{"start":{"line":6,"column":2},"end":{"line":8,"column":23}},"2":{"start":{"line":11,"column":40},"end":{"line":18,"column":1}},"3":{"start":{"line":12,"column":19},"end":{"line":12,"column":50}},"4":{"start":{"line":13,"column":2},"end":{"line":13,"column":36}},"5":{"start":{"line":14,"column":2},"end":{"line":16,"column":4}},"6":{"start":{"line":17,"column":2},"end":{"line":17,"column":18}},"7":{"start":{"line":20,"column":25},"end":{"line":24,"column":1}},"8":{"start":{"line":21,"column":2},"end":{"line":23,"column":23}},"9":{"start":{"line":26,"column":37},"end":{"line":32,"column":1}},"10":{"start":{"line":27,"column":19},"end":{"line":27,"column":47}},"11":{"start":{"line":28,"column":2},"end":{"line":28,"column":36}},"12":{"start":{"line":29,"column":2},"end":{"line":29,"column":68}},"13":{"start":{"line":30,"column":2},"end":{"line":30,"column":43}},"14":{"start":{"line":31,"column":2},"end":{"line":31,"column":18}},"15":{"start":{"line":34,"column":39},"end":{"line":46,"column":1}},"16":{"start":{"line":35,"column":19},"end":{"line":35,"column":21}},"17":{"start":{"line":36,"column":2},"end":{"line":44,"column":3}},"18":{"start":{"line":36,"column":19},"end":{"line":36,"column":20}},"19":{"start":{"line":37,"column":4},"end":{"line":37,"column":55}},"20":{"start":{"line":38,"column":21},"end":{"line":38,"column":70}},"21":{"start":{"line":39,"column":27},"end":{"line":39,"column":63}},"22":{"start":{"line":40,"column":4},"end":{"line":43,"column":7}},"23":{"start":{"line":45,"column":2},"end":{"line":45,"column":18}}},"fnMap":{"0":{"name":"(anonymous_0)","decl":{"start":{"line":5,"column":28},"end":{"line":5,"column":29}},"loc":{"start":{"line":5,"column":51},"end":{"line":9,"column":1}},"line":5},"1":{"name":"(anonymous_1)","decl":{"start":{"line":11,"column":40},"end":{"line":11,"column":41}},"loc":{"start":{"line":11,"column":63},"end":{"line":18,"column":1}},"line":11},"2":{"name":"(anonymous_2)","decl":{"start":{"line":20,"column":25},"end":{"line":20,"column":26}},"loc":{"start":{"line":20,"column":48},"end":{"line":24,"column":1}},"line":20},"3":{"name":"(anonymous_3)","decl":{"start":{"line":26,"column":37},"end":{"line":26,"column":38}},"loc":{"start":{"line":26,"column":60},"end":{"line":32,"column":1}},"line":26},"4":{"name":"(anonymous_4)","decl":{"start":{"line":34,"column":39},"end":{"line":34,"column":40}},"loc":{"start":{"line":34,"column":77},"end":{"line":46,"column":1}},"line":34}},"branchMap":{},"s":{"0":2,"1":68,"2":2,"3":46,"4":46,"5":43,"6":43,"7":2,"8":43,"9":2,"10":38,"11":38,"12":38,"13":38,"14":38,"15":2,"16":15,"17":15,"18":15,"19":39,"20":36,"21":36,"22":36,"23":12},"f":{"0":68,"1":46,"2":43,"3":38,"4":15},"b":{},"inputSourceMap":null,"_coverageSchema":"1a1c01bbd47fc00a2c39e90264f33305004495a9","hash":"4e26887fca8da09425f0dfaf1bd11b0997e2bd46"}
,"/home/elku/DEV/FullStackDev/taskTracker/server/tests/utils/constants.js": {"path":"/home/elku/DEV/FullStackDev/taskTracker/server/tests/utils/constants.js","statementMap":{"0":{"start":{"line":1,"column":27},"end":{"line":20,"column":1}},"1":{"start":{"line":22,"column":29},"end":{"line":22,"column":74}},"2":{"start":{"line":22,"column":69},"end":{"line":22,"column":73}},"3":{"start":{"line":24,"column":32},"end":{"line":42,"column":1}},"4":{"start":{"line":44,"column":29},"end":{"line":50,"column":1}}},"fnMap":{"0":{"name":"(anonymous_0)","decl":{"start":{"line":22,"column":45},"end":{"line":22,"column":46}},"loc":{"start":{"line":22,"column":69},"end":{"line":22,"column":73}},"line":22}},"branchMap":{},"s":{"0":2,"1":2,"2":6,"3":2,"4":2},"f":{"0":6},"b":{},"inputSourceMap":null,"_coverageSchema":"1a1c01bbd47fc00a2c39e90264f33305004495a9","hash":"f1be1b8e517149aa15744056f4d17594c8fbd838"}
,"/home/elku/DEV/FullStackDev/taskTracker/server/tests/utils/db.js": {"path":"/home/elku/DEV/FullStackDev/taskTracker/server/tests/utils/db.js","statementMap":{"0":{"start":{"line":4,"column":19},"end":{"line":4,"column":74}},"1":{"start":{"line":5,"column":11},"end":{"line":5,"column":39}},"2":{"start":{"line":7,"column":23},"end":{"line":12,"column":1}},"3":{"start":{"line":8,"column":22},"end":{"line":8,"column":58}},"4":{"start":{"line":9,"column":2},"end":{"line":11,"column":3}},"5":{"start":{"line":10,"column":4},"end":{"line":10,"column":45}},"6":{"start":{"line":14,"column":27},"end":{"line":18,"column":1}},"7":{"start":{"line":15,"column":2},"end":{"line":17,"column":69}}},"fnMap":{"0":{"name":"(anonymous_0)","decl":{"start":{"line":7,"column":23},"end":{"line":7,"column":24}},"loc":{"start":{"line":7,"column":35},"end":{"line":12,"column":1}},"line":7},"1":{"name":"(anonymous_1)","decl":{"start":{"line":14,"column":27},"end":{"line":14,"column":28}},"loc":{"start":{"line":14,"column":46},"end":{"line":18,"column":1}},"line":14}},"branchMap":{},"s":{"0":2,"1":2,"2":2,"3":20,"4":20,"5":40,"6":2,"7":36},"f":{"0":20,"1":36},"b":{},"inputSourceMap":null,"_coverageSchema":"1a1c01bbd47fc00a2c39e90264f33305004495a9","hash":"71372e8d08d4418a7464894419054e6f41256f6e"}
}
