TN:
SF:src/server.js
FN:20,(anonymous_0)
FN:25,(anonymous_1)
FNF:2
FNH:1
FNDA:2,(anonymous_0)
FNDA:0,(anonymous_1)
DA:10,2
DA:12,2
DA:13,2
DA:15,2
DA:17,2
DA:19,2
DA:20,2
DA:21,2
DA:25,2
DA:26,0
DA:29,2
DA:30,2
DA:31,2
DA:32,2
DA:34,2
LF:15
LH:14
BRF:0
BRH:0
end_of_record
TN:
SF:src/config/db.js
FN:3,(anonymous_0)
FNF:1
FNH:1
FNDA:2,(anonymous_0)
DA:3,2
DA:4,2
DA:5,2
DA:6,2
DA:8,0
DA:9,0
LF:6
LH:4
BRF:0
BRH:0
end_of_record
TN:
SF:src/config/email.js
FNF:0
FNH:0
DA:4,2
LF:1
LH:1
BRF:0
BRH:0
end_of_record
TN:
SF:src/controllers/adminController.js
FN:7,(anonymous_0)
FN:22,(anonymous_1)
FN:60,(anonymous_2)
FN:94,(anonymous_3)
FN:96,(anonymous_4)
FNF:5
FNH:0
FNDA:0,(anonymous_0)
FNDA:0,(anonymous_1)
FNDA:0,(anonymous_2)
FNDA:0,(anonymous_3)
FNDA:0,(anonymous_4)
DA:7,2
DA:8,0
DA:9,0
DA:10,0
DA:11,0
DA:12,0
DA:14,0
DA:17,0
DA:22,2
DA:23,0
DA:25,0
DA:26,0
DA:29,0
DA:31,0
DA:34,0
DA:37,0
DA:38,0
DA:39,0
DA:44,0
DA:50,0
DA:56,0
DA:60,2
DA:61,0
DA:62,0
DA:63,0
DA:68,0
DA:69,0
DA:70,0
DA:75,0
DA:76,0
DA:81,0
DA:82,0
DA:84,0
DA:88,0
DA:94,2
DA:95,0
DA:96,0
DA:109,0
DA:110,0
DA:112,0
DA:114,0
LF:41
LH:4
BRDA:11,0,0,0
BRDA:11,0,1,0
BRDA:25,1,0,0
BRDA:25,1,1,0
BRDA:37,2,0,0
BRDA:37,2,1,0
BRDA:38,3,0,0
BRDA:38,3,1,0
BRDA:62,4,0,0
BRDA:62,4,1,0
BRDA:62,5,0,0
BRDA:62,5,1,0
BRDA:69,6,0,0
BRDA:69,6,1,0
BRDA:69,7,0,0
BRDA:69,7,1,0
BRDA:69,7,2,0
BRF:17
BRH:0
end_of_record
TN:
SF:src/controllers/profileController.js
FN:6,(anonymous_0)
FN:23,(anonymous_1)
FN:46,(anonymous_2)
FN:67,(anonymous_3)
FNF:4
FNH:4
FNDA:2,(anonymous_0)
FNDA:2,(anonymous_1)
FNDA:1,(anonymous_2)
FNDA:2,(anonymous_3)
DA:6,2
DA:7,2
DA:8,2
DA:9,2
DA:10,0
DA:14,2
DA:19,0
DA:23,2
DA:24,2
DA:25,2
DA:26,1
DA:27,0
DA:31,1
DA:32,1
DA:33,1
DA:34,1
DA:35,1
DA:37,0
DA:42,1
DA:46,2
DA:47,1
DA:48,1
DA:49,1
DA:50,1
DA:51,1
DA:52,0
DA:56,1
DA:57,1
DA:63,0
DA:67,2
DA:68,2
DA:69,2
DA:70,2
DA:71,2
DA:72,0
DA:77,2
DA:81,2
DA:82,1
DA:86,1
DA:87,1
DA:88,1
DA:89,1
DA:91,0
DA:96,0
LF:44
LH:35
BRDA:9,0,0,0
BRDA:9,0,1,2
BRDA:26,1,0,0
BRDA:26,1,1,1
BRDA:34,2,0,1
BRDA:34,2,1,0
BRDA:51,3,0,0
BRDA:51,3,1,1
BRDA:56,4,0,1
BRDA:56,4,1,0
BRDA:71,5,0,0
BRDA:71,5,1,2
BRDA:81,6,0,1
BRDA:81,6,1,1
BRDA:88,7,0,1
BRDA:88,7,1,0
BRF:16
BRH:9
end_of_record
TN:
SF:src/controllers/taskController.js
FN:7,(anonymous_0)
FN:23,(anonymous_1)
FN:56,(anonymous_2)
FN:93,(anonymous_3)
FN:101,(anonymous_4)
FN:125,(anonymous_5)
FN:128,(anonymous_6)
FN:137,(anonymous_7)
FN:145,(anonymous_8)
FN:147,(anonymous_9)
FNF:10
FNH:0
FNDA:0,(anonymous_0)
FNDA:0,(anonymous_1)
FNDA:0,(anonymous_2)
FNDA:0,(anonymous_3)
FNDA:0,(anonymous_4)
FNDA:0,(anonymous_5)
FNDA:0,(anonymous_6)
FNDA:0,(anonymous_7)
FNDA:0,(anonymous_8)
FNDA:0,(anonymous_9)
DA:4,2
DA:7,2
DA:8,0
DA:9,0
DA:10,0
DA:11,0
DA:12,0
DA:14,0
DA:17,0
DA:23,2
DA:24,0
DA:25,0
DA:30,0
DA:32,0
DA:37,0
DA:38,0
DA:39,0
DA:45,0
DA:52,0
DA:56,2
DA:57,0
DA:59,0
DA:60,0
DA:64,0
DA:69,0
DA:70,0
DA:71,0
DA:76,0
DA:82,0
DA:88,0
DA:93,2
DA:94,0
DA:95,0
DA:96,0
DA:101,0
DA:102,0
DA:103,0
DA:108,0
DA:109,0
DA:117,0
DA:120,0
DA:121,0
DA:125,2
DA:127,0
DA:128,0
DA:129,0
DA:130,0
DA:131,0
DA:133,0
DA:134,0
DA:137,0
DA:144,0
DA:145,0
DA:146,0
DA:147,0
DA:149,0
DA:150,0
DA:152,0
LF:58
LH:6
BRDA:11,0,0,0
BRDA:11,0,1,0
BRDA:30,1,0,0
BRDA:30,1,1,0
BRDA:38,2,0,0
BRDA:38,2,1,0
BRDA:59,3,0,0
BRDA:59,3,1,0
BRDA:69,4,0,0
BRDA:69,4,1,0
BRDA:70,5,0,0
BRDA:70,5,1,0
BRDA:95,6,0,0
BRDA:95,6,1,0
BRDA:108,7,0,0
BRDA:108,7,1,0
BRDA:120,8,0,0
BRDA:120,8,1,0
BRDA:125,9,0,0
BRDA:130,10,0,0
BRDA:130,10,1,0
BRDA:141,11,0,0
BRDA:141,11,1,0
BRDA:142,12,0,0
BRDA:142,12,1,0
BRDA:149,13,0,0
BRDA:149,13,1,0
BRF:27
BRH:0
end_of_record
TN:
SF:src/controllers/userAuthController.js
FN:11,(anonymous_0)
FN:39,(anonymous_1)
FNF:2
FNH:2
FNDA:48,(anonymous_0)
FNDA:43,(anonymous_1)
DA:11,2
DA:12,48
DA:14,48
DA:15,48
DA:16,1
DA:21,47
DA:22,47
DA:28,47
DA:30,43
DA:31,43
DA:32,43
DA:39,2
DA:40,43
DA:41,43
DA:42,2
DA:47,41
DA:48,41
DA:49,3
DA:54,38
DA:55,38
DA:56,0
DA:60,38
DA:61,38
LF:23
LH:22
BRDA:15,0,0,1
BRDA:15,0,1,47
BRDA:26,1,0,47
BRDA:26,1,1,0
BRDA:30,2,0,43
BRDA:30,2,1,0
BRDA:41,3,0,2
BRDA:41,3,1,41
BRDA:41,4,0,43
BRDA:41,4,1,42
BRDA:48,5,0,3
BRDA:48,5,1,38
BRDA:55,6,0,0
BRDA:55,6,1,38
BRF:14
BRH:11
end_of_record
TN:
SF:src/middleware/errorMiddleware.js
FN:4,(anonymous_0)
FNF:1
FNH:1
FNDA:8,(anonymous_0)
DA:4,2
DA:6,8
DA:7,8
LF:3
LH:3
BRDA:6,0,0,0
BRDA:6,0,1,8
BRDA:6,1,0,5
BRDA:6,1,1,3
BRDA:9,2,0,0
BRDA:9,2,1,8
BRF:6
BRH:4
end_of_record
TN:
SF:src/middleware/isAdminMiddleware.js
FN:3,(anonymous_0)
FNF:1
FNH:0
FNDA:0,(anonymous_0)
DA:3,2
DA:4,0
DA:5,0
DA:7,0
LF:4
LH:1
BRDA:4,0,0,0
BRDA:4,0,1,0
BRDA:4,1,0,0
BRDA:4,1,1,0
BRF:4
BRH:0
end_of_record
TN:
SF:src/middleware/protectMiddleware.js
FN:5,(anonymous_0)
FNF:1
FNH:1
FNDA:19,(anonymous_0)
DA:5,2
DA:6,19
DA:7,19
DA:8,19
DA:9,19
DA:10,19
DA:12,16
DA:13,16
DA:15,3
DA:18,3
LF:10
LH:10
BRDA:7,0,0,19
BRDA:7,0,1,0
BRDA:7,1,0,19
BRDA:7,1,1,19
BRF:4
BRH:3
end_of_record
TN:
SF:src/middleware/rateLimitMiddleware.js
FN:18,(anonymous_0)
FN:22,(anonymous_1)
FN:36,(anonymous_2)
FN:49,(anonymous_3)
FN:53,(anonymous_4)
FN:67,(anonymous_5)
FN:80,(anonymous_6)
FNF:7
FNH:6
FNDA:43,(anonymous_0)
FNDA:38,(anonymous_1)
FNDA:0,(anonymous_2)
FNDA:68,(anonymous_3)
FNDA:43,(anonymous_4)
FNDA:2,(anonymous_5)
FNDA:13,(anonymous_6)
DA:3,2
DA:5,2
DA:8,2
DA:18,43
DA:22,2
DA:23,38
DA:27,2
DA:36,0
DA:40,2
DA:49,68
DA:53,2
DA:54,43
DA:58,2
DA:67,2
DA:71,2
DA:80,13
LF:16
LH:15
BRF:0
BRH:0
end_of_record
TN:
SF:src/middleware/validateMiddleware.js
FN:3,(anonymous_0)
FN:3,(anonymous_1)
FNF:2
FNH:2
FNDA:10,(anonymous_0)
FNDA:81,(anonymous_1)
DA:3,10
DA:4,81
DA:6,81
DA:7,0
DA:8,0
DA:10,81
DA:12,81
DA:13,29
DA:15,52
LF:9
LH:7
BRDA:6,0,0,0
BRDA:6,0,1,81
BRDA:12,1,0,29
BRDA:12,1,1,52
BRF:4
BRH:3
end_of_record
TN:
SF:src/models/taskModel.js
FNF:0
FNH:0
DA:3,2
DA:39,2
LF:2
LH:2
BRF:0
BRH:0
end_of_record
TN:
SF:src/models/userModel.js
FN:34,(anonymous_0)
FNF:1
FNH:1
FNDA:49,(anonymous_0)
DA:3,2
DA:34,2
DA:35,49
DA:36,0
DA:38,49
DA:39,47
DA:41,49
DA:44,2
LF:8
LH:7
BRDA:35,0,0,0
BRDA:35,0,1,49
BRDA:38,1,0,47
BRDA:38,1,1,2
BRF:4
BRH:3
end_of_record
TN:
SF:src/routes/adminRouter.js
FNF:0
FNH:0
DA:11,2
DA:12,2
DA:15,2
DA:17,2
LF:4
LH:4
BRF:0
BRH:0
end_of_record
TN:
SF:src/routes/profileRouter.js
FNF:0
FNH:0
DA:11,2
DA:12,2
DA:21,2
DA:23,2
DA:29,2
LF:5
LH:5
BRF:0
BRH:0
end_of_record
TN:
SF:src/routes/taskRouter.js
FNF:0
FNH:0
DA:10,2
DA:11,2
DA:21,2
DA:23,2
LF:4
LH:4
BRF:0
BRH:0
end_of_record
TN:
SF:src/routes/userAuthRouter.js
FNF:0
FNH:0
DA:9,2
DA:10,2
DA:14,2
DA:18,2
LF:4
LH:4
BRF:0
BRH:0
end_of_record
TN:
SF:src/utils/generateEmails.js
FN:3,(anonymous_0)
FN:11,(anonymous_1)
FN:23,(anonymous_2)
FNF:3
FNH:0
FNDA:0,(anonymous_0)
FNDA:0,(anonymous_1)
FNDA:0,(anonymous_2)
DA:3,2
DA:4,0
DA:10,0
DA:11,0
DA:12,0
DA:13,0
DA:15,0
DA:19,0
DA:23,2
DA:24,0
LF:10
LH:2
BRDA:12,0,0,0
BRDA:12,0,1,0
BRF:2
BRH:0
end_of_record
TN:
SF:src/utils/generateToken.js
FN:3,(anonymous_0)
FNF:1
FNH:1
FNDA:38,(anonymous_0)
DA:3,2
DA:4,38
LF:2
LH:2
BRF:0
BRH:0
end_of_record
TN:
SF:src/validation/joiSchema.js
FNF:0
FNH:0
DA:3,2
DA:5,2
DA:7,2
DA:12,2
DA:17,2
DA:31,2
DA:35,2
DA:43,2
DA:51,2
DA:57,2
DA:61,2
DA:68,2
DA:74,2
DA:79,2
LF:14
LH:14
BRF:0
BRH:0
end_of_record
TN:
SF:tests/utils/auth.js
FN:5,(anonymous_0)
FN:11,(anonymous_1)
FN:20,(anonymous_2)
FN:26,(anonymous_3)
FN:34,(anonymous_4)
FNF:5
FNH:5
FNDA:68,(anonymous_0)
FNDA:46,(anonymous_1)
FNDA:43,(anonymous_2)
FNDA:38,(anonymous_3)
FNDA:15,(anonymous_4)
DA:5,2
DA:6,68
DA:11,2
DA:12,46
DA:13,46
DA:14,43
DA:17,43
DA:20,2
DA:21,43
DA:26,2
DA:27,38
DA:28,38
DA:29,38
DA:30,38
DA:31,38
DA:34,2
DA:35,15
DA:36,15
DA:37,39
DA:38,36
DA:39,36
DA:40,36
DA:45,12
LF:23
LH:23
BRF:0
BRH:0
end_of_record
TN:
SF:tests/utils/constants.js
FN:22,(anonymous_0)
FNF:1
FNH:1
FNDA:6,(anonymous_0)
DA:1,2
DA:22,6
DA:24,2
DA:44,2
LF:4
LH:4
BRF:0
BRH:0
end_of_record
TN:
SF:tests/utils/db.js
FN:7,(anonymous_0)
FN:14,(anonymous_1)
FNF:2
FNH:2
FNDA:20,(anonymous_0)
FNDA:36,(anonymous_1)
DA:4,2
DA:5,2
DA:7,2
DA:8,20
DA:9,20
DA:10,40
DA:14,2
DA:15,36
LF:8
LH:8
BRF:0
BRH:0
end_of_record
